[1;31m2024-03-07 23:40:42.268608119 [E:onnxruntime:Default, env.cc:254 ThreadMain] pthread_setaffinity_np failed for thread: 2651283, index: 0, mask: {1, 25, }, error code: 22 error msg: Invalid argument. Specify the number of threads explicitly so the affinity is not set.[m
[1;31m2024-03-07 23:40:42.268608220 [E:onnxruntime:Default, env.cc:254 ThreadMain] pthread_setaffinity_np failed for thread: 2651284, index: 1, mask: {2, 26, }, error code: 22 error msg: Invalid argument. Specify the number of threads explicitly so the affinity is not set.[m
[1;31m2024-03-07 23:40:42.268605769 [E:onnxruntime:Default, env.cc:254 ThreadMain] pthread_setaffinity_np failed for thread: 2651285, index: 2, mask: {3, 27, }, error code: 22 error msg: Invalid argument. Specify the number of threads explicitly so the affinity is not set.[m
[1;31m2024-03-07 23:40:42.268683951 [E:onnxruntime:Default, env.cc:254 ThreadMain] pthread_setaffinity_np failed for thread: 2651286, index: 3, mask: {4, 28, }, error code: 22 error msg: Invalid argument. Specify the number of threads explicitly so the affinity is not set.[m
[1;31m2024-03-07 23:40:42.268712536 [E:onnxruntime:Default, env.cc:254 ThreadMain] pthread_setaffinity_np failed for thread: 2651287, index: 4, mask: {5, 29, }, error code: 22 error msg: Invalid argument. Specify the number of threads explicitly so the affinity is not set.[m
[1;31m2024-03-07 23:40:42.269384531 [E:onnxruntime:Default, env.cc:254 ThreadMain] pthread_setaffinity_np failed for thread: 2651300, index: 17, mask: {18, 42, }, error code: 22 error msg: Invalid argument. Specify the number of threads explicitly so the affinity is not set.[m
[1;31m2024-03-07 23:40:42.269489641 [E:onnxruntime:Default, env.cc:254 ThreadMain] pthread_setaffinity_np failed for thread: 2651302, index: 19, mask: {20, 44, }, error code: 22 error msg: Invalid argument. Specify the number of threads explicitly so the affinity is not set.[m
[1;31m2024-03-07 23:40:42.269524103 [E:onnxruntime:Default, env.cc:254 ThreadMain] pthread_setaffinity_np failed for thread: 2651303, index: 20, mask: {21, 45, }, error code: 22 error msg: Invalid argument. Specify the number of threads explicitly so the affinity is not set.[m
[1;31m2024-03-07 23:40:42.269598923 [E:onnxruntime:Default, env.cc:254 ThreadMain] pthread_setaffinity_np failed for thread: 2651305, index: 22, mask: {23, 47, }, error code: 22 error msg: Invalid argument. Specify the number of threads explicitly so the affinity is not set.[m
[1;31m2024-03-07 23:40:42.269601055 [E:onnxruntime:Default, env.cc:254 ThreadMain] pthread_setaffinity_np failed for thread: 2651304, index: 21, mask: {22, 46, }, error code: 22 error msg: Invalid argument. Specify the number of threads explicitly so the affinity is not set.[m
[1;31m2024-03-07 23:40:43.763230872 [E:onnxruntime:Default, env.cc:254 ThreadMain] pthread_setaffinity_np failed for thread: 2651380, index: 0, mask: {1, 25, }, error code: 22 error msg: Invalid argument. Specify the number of threads explicitly so the affinity is not set.[m
[1;31m2024-03-07 23:40:43.763258849 [E:onnxruntime:Default, env.cc:254 ThreadMain] pthread_setaffinity_np failed for thread: 2651381, index: 1, mask: {2, 26, }, error code: 22 error msg: Invalid argument. Specify the number of threads explicitly so the affinity is not set.[m
[1;31m2024-03-07 23:40:43.763285912 [E:onnxruntime:Default, env.cc:254 ThreadMain] pthread_setaffinity_np failed for thread: 2651382, index: 2, mask: {3, 27, }, error code: 22 error msg: Invalid argument. Specify the number of threads explicitly so the affinity is not set.[m
[1;31m2024-03-07 23:40:43.763390283 [E:onnxruntime:Default, env.cc:254 ThreadMain] pthread_setaffinity_np failed for thread: 2651383, index: 3, mask: {4, 28, }, error code: 22 error msg: Invalid argument. Specify the number of threads explicitly so the affinity is not set.[m
[1;31m2024-03-07 23:40:43.763366519 [E:onnxruntime:Default, env.cc:254 ThreadMain] pthread_setaffinity_np failed for thread: 2651384, index: 4, mask: {5, 29, }, error code: 22 error msg: Invalid argument. Specify the number of threads explicitly so the affinity is not set.[m
[1;31m2024-03-07 23:40:43.763982544 [E:onnxruntime:Default, env.cc:254 ThreadMain] pthread_setaffinity_np failed for thread: 2651397, index: 17, mask: {18, 42, }, error code: 22 error msg: Invalid argument. Specify the number of threads explicitly so the affinity is not set.[m
[1;31m2024-03-07 23:40:43.764048369 [E:onnxruntime:Default, env.cc:254 ThreadMain] pthread_setaffinity_np failed for thread: 2651399, index: 19, mask: {20, 44, }, error code: 22 error msg: Invalid argument. Specify the number of threads explicitly so the affinity is not set.[m
[1;31m2024-03-07 23:40:43.764081273 [E:onnxruntime:Default, env.cc:254 ThreadMain] pthread_setaffinity_np failed for thread: 2651400, index: 20, mask: {21, 45, }, error code: 22 error msg: Invalid argument. Specify the number of threads explicitly so the affinity is not set.[m
[1;31m2024-03-07 23:40:43.764107820 [E:onnxruntime:Default, env.cc:254 ThreadMain] pthread_setaffinity_np failed for thread: 2651401, index: 21, mask: {22, 46, }, error code: 22 error msg: Invalid argument. Specify the number of threads explicitly so the affinity is not set.[m
[1;31m2024-03-07 23:40:43.764132936 [E:onnxruntime:Default, env.cc:254 ThreadMain] pthread_setaffinity_np failed for thread: 2651402, index: 22, mask: {23, 47, }, error code: 22 error msg: Invalid argument. Specify the number of threads explicitly so the affinity is not set.[m
[1;31m2024-03-07 23:40:43.808363712 [E:onnxruntime:Default, env.cc:254 ThreadMain] pthread_setaffinity_np failed for thread: 2651414, index: 1, mask: {2, 26, }, error code: 22 error msg: Invalid argument. Specify the number of threads explicitly so the affinity is not set.[m
[1;31m2024-03-07 23:40:43.808409754 [E:onnxruntime:Default, env.cc:254 ThreadMain] pthread_setaffinity_np failed for thread: 2651413, index: 0, mask: {1, 25, }, error code: 22 error msg: Invalid argument. Specify the number of threads explicitly so the affinity is not set.[m
[1;31m2024-03-07 23:40:43.808453796 [E:onnxruntime:Default, env.cc:254 ThreadMain] pthread_setaffinity_np failed for thread: 2651416, index: 3, mask: {4, 28, }, error code: 22 error msg: Invalid argument. Specify the number of threads explicitly so the affinity is not set.[m
[1;31m2024-03-07 23:40:43.808462328 [E:onnxruntime:Default, env.cc:254 ThreadMain] pthread_setaffinity_np failed for thread: 2651415, index: 2, mask: {3, 27, }, error code: 22 error msg: Invalid argument. Specify the number of threads explicitly so the affinity is not set.[m
[1;31m2024-03-07 23:40:43.808480364 [E:onnxruntime:Default, env.cc:254 ThreadMain] pthread_setaffinity_np failed for thread: 2651417, index: 4, mask: {5, 29, }, error code: 22 error msg: Invalid argument. Specify the number of threads explicitly so the affinity is not set.[m
[1;31m2024-03-07 23:40:43.808955161 [E:onnxruntime:Default, env.cc:254 ThreadMain] pthread_setaffinity_np failed for thread: 2651430, index: 17, mask: {18, 42, }, error code: 22 error msg: Invalid argument. Specify the number of threads explicitly so the affinity is not set.[m
[1;31m2024-03-07 23:40:43.809059194 [E:onnxruntime:Default, env.cc:254 ThreadMain] pthread_setaffinity_np failed for thread: 2651432, index: 19, mask: {20, 44, }, error code: 22 error msg: Invalid argument. Specify the number of threads explicitly so the affinity is not set.[m
[1;31m2024-03-07 23:40:43.809106407 [E:onnxruntime:Default, env.cc:254 ThreadMain] pthread_setaffinity_np failed for thread: 2651433, index: 20, mask: {21, 45, }, error code: 22 error msg: Invalid argument. Specify the number of threads explicitly so the affinity is not set.[m
[1;31m2024-03-07 23:40:43.809145173 [E:onnxruntime:Default, env.cc:254 ThreadMain] pthread_setaffinity_np failed for thread: 2651434, index: 21, mask: {22, 46, }, error code: 22 error msg: Invalid argument. Specify the number of threads explicitly so the affinity is not set.[m
[1;31m2024-03-07 23:40:43.809167297 [E:onnxruntime:Default, env.cc:254 ThreadMain] pthread_setaffinity_np failed for thread: 2651435, index: 22, mask: {23, 47, }, error code: 22 error msg: Invalid argument. Specify the number of threads explicitly so the affinity is not set.[m
[1;31m2024-03-07 23:40:43.874545022 [E:onnxruntime:Default, env.cc:254 ThreadMain] pthread_setaffinity_np failed for thread: 2651459, index: 0, mask: {1, 25, }, error code: 22 error msg: Invalid argument. Specify the number of threads explicitly so the affinity is not set.[m
[1;31m2024-03-07 23:40:43.874586430 [E:onnxruntime:Default, env.cc:254 ThreadMain] pthread_setaffinity_np failed for thread: 2651460, index: 1, mask: {2, 26, }, error code: 22 error msg: Invalid argument. Specify the number of threads explicitly so the affinity is not set.[m
[1;31m2024-03-07 23:40:43.874607315 [E:onnxruntime:Default, env.cc:254 ThreadMain] pthread_setaffinity_np failed for thread: 2651461, index: 2, mask: {3, 27, }, error code: 22 error msg: Invalid argument. Specify the number of threads explicitly so the affinity is not set.[m
[1;31m2024-03-07 23:40:43.874649128 [E:onnxruntime:Default, env.cc:254 ThreadMain] pthread_setaffinity_np failed for thread: 2651462, index: 3, mask: {4, 28, }, error code: 22 error msg: Invalid argument. Specify the number of threads explicitly so the affinity is not set.[m
[1;31m2024-03-07 23:40:43.874673480 [E:onnxruntime:Default, env.cc:254 ThreadMain] pthread_setaffinity_np failed for thread: 2651463, index: 4, mask: {5, 29, }, error code: 22 error msg: Invalid argument. Specify the number of threads explicitly so the affinity is not set.[m
[1;31m2024-03-07 23:40:43.875635974 [E:onnxruntime:Default, env.cc:254 ThreadMain] pthread_setaffinity_np failed for thread: 2651476, index: 17, mask: {18, 42, }, error code: 22 error msg: Invalid argument. Specify the number of threads explicitly so the affinity is not set.[m
[1;31m2024-03-07 23:40:43.875787729 [E:onnxruntime:Default, env.cc:254 ThreadMain] pthread_setaffinity_np failed for thread: 2651479, index: 20, mask: {21, 45, }, error code: 22 error msg: Invalid argument. Specify the number of threads explicitly so the affinity is not set.[m
[1;31m2024-03-07 23:40:43.875897129 [E:onnxruntime:Default, env.cc:254 ThreadMain] pthread_setaffinity_np failed for thread: 2651481, index: 22, mask: {23, 47, }, error code: 22 error msg: Invalid argument. Specify the number of threads explicitly so the affinity is not set.[m
[1;31m2024-03-07 23:40:43.875871163 [E:onnxruntime:Default, env.cc:254 ThreadMain] pthread_setaffinity_np failed for thread: 2651480, index: 21, mask: {22, 46, }, error code: 22 error msg: Invalid argument. Specify the number of threads explicitly so the affinity is not set.[m
[1;31m2024-03-07 23:40:43.875919848 [E:onnxruntime:Default, env.cc:254 ThreadMain] pthread_setaffinity_np failed for thread: 2651478, index: 19, mask: {20, 44, }, error code: 22 error msg: Invalid argument. Specify the number of threads explicitly so the affinity is not set.[m
[1;31m2024-03-07 23:40:43.919221969 [E:onnxruntime:Default, env.cc:254 ThreadMain] pthread_setaffinity_np failed for thread: 2651492, index: 0, mask: {1, 25, }, error code: 22 error msg: Invalid argument. Specify the number of threads explicitly so the affinity is not set.[m
[1;31m2024-03-07 23:40:43.919259002 [E:onnxruntime:Default, env.cc:254 ThreadMain] pthread_setaffinity_np failed for thread: 2651493, index: 1, mask: {2, 26, }, error code: 22 error msg: Invalid argument. Specify the number of threads explicitly so the affinity is not set.[m
[1;31m2024-03-07 23:40:43.919293505 [E:onnxruntime:Default, env.cc:254 ThreadMain] pthread_setaffinity_np failed for thread: 2651494, index: 2, mask: {3, 27, }, error code: 22 error msg: Invalid argument. Specify the number of threads explicitly so the affinity is not set.[m
[1;31m2024-03-07 23:40:43.919391450 [E:onnxruntime:Default, env.cc:254 ThreadMain] pthread_setaffinity_np failed for thread: 2651497, index: 4, mask: {5, 29, }, error code: 22 error msg: Invalid argument. Specify the number of threads explicitly so the affinity is not set.[m
[1;31m2024-03-07 23:40:43.919433951 [E:onnxruntime:Default, env.cc:254 ThreadMain] pthread_setaffinity_np failed for thread: 2651496, index: 3, mask: {4, 28, }, error code: 22 error msg: Invalid argument. Specify the number of threads explicitly so the affinity is not set.[m
[1;31m2024-03-07 23:40:43.920513989 [E:onnxruntime:Default, env.cc:254 ThreadMain] pthread_setaffinity_np failed for thread: 2651510, index: 17, mask: {18, 42, }, error code: 22 error msg: Invalid argument. Specify the number of threads explicitly so the affinity is not set.[m
[1;31m2024-03-07 23:40:43.931529693 [E:onnxruntime:Default, env.cc:254 ThreadMain] pthread_setaffinity_np failed for thread: 2651514, index: 19, mask: {20, 44, }, error code: 22 error msg: Invalid argument. Specify the number of threads explicitly so the affinity is not set.[m
[1;31m2024-03-07 23:40:43.931583783 [E:onnxruntime:Default, env.cc:254 ThreadMain] pthread_setaffinity_np failed for thread: 2651515, index: 20, mask: {21, 45, }, error code: 22 error msg: Invalid argument. Specify the number of threads explicitly so the affinity is not set.[m
[1;31m2024-03-07 23:40:43.931620873 [E:onnxruntime:Default, env.cc:254 ThreadMain] pthread_setaffinity_np failed for thread: 2651517, index: 22, mask: {23, 47, }, error code: 22 error msg: Invalid argument. Specify the number of threads explicitly so the affinity is not set.[m
[1;31m2024-03-07 23:40:43.944447515 [E:onnxruntime:Default, env.cc:254 ThreadMain] pthread_setaffinity_np failed for thread: 2651516, index: 21, mask: {22, 46, }, error code: 22 error msg: Invalid argument. Specify the number of threads explicitly so the affinity is not set.[m
/gpfs/home/maguilar/project/anaconda3/envs/envname/lib/python3.10/site-packages/insightface/utils/transform.py:68: FutureWarning: `rcond` parameter will change to the default of machine precision times ``max(M, N)`` where M and N are the input matrix dimensions.
To use the future default and silence this warning we advise to pass `rcond=None`, to keep using the old, explicitly pass `rcond=-1`.
  P = np.linalg.lstsq(X_homo, Y)[0].T # Affine matrix. 3 x 4
Loading pipeline components...:   0%|          | 0/5 [00:00<?, ?it/s]Loading pipeline components...:  20%|██        | 1/5 [00:01<00:04,  1.04s/it]Loading pipeline components...:  60%|██████    | 3/5 [00:01<00:00,  3.22it/s]Loading pipeline components...: 100%|██████████| 5/5 [00:01<00:00,  4.10it/s]Loading pipeline components...: 100%|██████████| 5/5 [00:01<00:00,  3.30it/s]
  0%|          | 0/8 [00:00<?, ?it/s] 12%|█▎        | 1/8 [00:00<00:02,  2.61it/s] 25%|██▌       | 2/8 [00:00<00:01,  4.21it/s] 38%|███▊      | 3/8 [00:00<00:01,  4.15it/s] 50%|█████     | 4/8 [00:01<00:00,  4.11it/s] 62%|██████▎   | 5/8 [00:01<00:00,  4.08it/s] 75%|███████▌  | 6/8 [00:01<00:00,  4.07it/s] 88%|████████▊ | 7/8 [00:01<00:00,  4.06it/s]100%|██████████| 8/8 [00:02<00:00,  4.06it/s]100%|██████████| 8/8 [00:02<00:00,  4.00it/s]
